2020-Oct-10 11:50:11.629  INFO restartedMain c.f.FelkinAtdenApplication:55 - Starting FelkinAtdenApplication on DESKTOP-9CBD24B with PID 1500 (C:\Users\Piuta\Documents\Prosonal_project\Back_End\felkin_atden\build\classes\java\main started by Piuta in C:\Users\Piuta\Documents\Prosonal_project\Back_End\felkin_atden)
2020-Oct-10 11:50:11.633  INFO restartedMain c.f.FelkinAtdenApplication:651 - No active profile set, falling back to default profiles: default
2020-Oct-10 11:50:11.677  INFO restartedMain o.s.b.d.e.DevToolsPropertyDefaultsPostProcessor:225 - Devtools property defaults active! Set 'spring.devtools.add-properties' to 'false' to disable
2020-Oct-10 11:50:11.678  INFO restartedMain o.s.b.d.e.DevToolsPropertyDefaultsPostProcessor:225 - For additional web related logging consider setting the 'logging.level.web' property to 'DEBUG'
2020-Oct-10 11:50:12.659  INFO restartedMain o.s.d.r.c.RepositoryConfigurationDelegate:249 - Multiple Spring Data modules found, entering strict repository configuration mode!
2020-Oct-10 11:50:12.661  INFO restartedMain o.s.d.r.c.RepositoryConfigurationDelegate:127 - Bootstrapping Spring Data JDBC repositories in DEFAULT mode.
2020-Oct-10 11:50:12.680  INFO restartedMain o.s.d.r.c.RepositoryConfigurationDelegate:187 - Finished Spring Data repository scanning in 14ms. Found 0 JDBC repository interfaces.
2020-Oct-10 11:50:12.689  INFO restartedMain o.s.d.r.c.RepositoryConfigurationDelegate:249 - Multiple Spring Data modules found, entering strict repository configuration mode!
2020-Oct-10 11:50:12.689  INFO restartedMain o.s.d.r.c.RepositoryConfigurationDelegate:127 - Bootstrapping Spring Data JPA repositories in DEFERRED mode.
2020-Oct-10 11:50:12.697  INFO restartedMain o.s.d.r.c.RepositoryConfigurationDelegate:187 - Finished Spring Data repository scanning in 4ms. Found 0 JPA repository interfaces.
2020-Oct-10 11:50:13.251  INFO restartedMain o.s.b.w.e.t.TomcatWebServer:108 - Tomcat initialized with port(s): 8080 (http)
2020-Oct-10 11:50:13.260  INFO restartedMain o.a.c.c.StandardService:173 - Starting service [Tomcat]
2020-Oct-10 11:50:13.260  INFO restartedMain o.a.c.c.StandardEngine:173 - Starting Servlet engine: [Apache Tomcat/9.0.38]
2020-Oct-10 11:50:13.398  INFO restartedMain o.a.c.c.C.[.[.[/]:173 - Initializing Spring embedded WebApplicationContext
2020-Oct-10 11:50:13.399  INFO restartedMain o.s.b.w.s.c.ServletWebServerApplicationContext:285 - Root WebApplicationContext: initialization completed in 1721 ms
2020-Oct-10 11:50:13.638  INFO restartedMain o.s.s.c.ThreadPoolTaskExecutor:181 - Initializing ExecutorService 'applicationTaskExecutor'
2020-Oct-10 11:50:13.646  INFO restartedMain c.z.h.HikariDataSource:110 - HikariPool-1 - Starting...
2020-Oct-10 11:50:14.176  INFO restartedMain c.z.h.HikariDataSource:123 - HikariPool-1 - Start completed.
2020-Oct-10 11:50:14.216  INFO task-1 o.h.j.i.u.LogHelper:31 - HHH000204: Processing PersistenceUnitInfo [name: default]
2020-Oct-10 11:50:14.258  WARN restartedMain o.s.b.a.o.j.JpaBaseConfiguration$JpaWebConfiguration:220 - spring.jpa.open-in-view is enabled by default. Therefore, database queries may be performed during view rendering. Explicitly configure spring.jpa.open-in-view to disable this warning
2020-Oct-10 11:50:14.265  INFO task-1 o.h.Version:44 - HHH000412: Hibernate ORM core version 5.4.21.Final
2020-Oct-10 11:50:14.429  INFO task-1 o.h.a.c.Version:49 - HCANN000001: Hibernate Commons Annotations {5.1.0.Final}
2020-Oct-10 11:50:14.538  INFO task-1 o.h.d.Dialect:170 - HHH000400: Using dialect: org.hibernate.dialect.MySQL5Dialect
2020-Oct-10 11:50:15.348  INFO task-1 o.h.e.t.j.p.i.JtaPlatformInitiator:52 - HHH000490: Using JtaPlatform implementation: [org.hibernate.engine.transaction.jta.platform.internal.NoJtaPlatform]
2020-Oct-10 11:50:15.359  INFO task-1 o.s.o.j.LocalContainerEntityManagerFactoryBean:416 - Initialized JPA EntityManagerFactory for persistence unit 'default'
2020-Oct-10 11:50:15.462  INFO restartedMain o.s.b.a.s.s.UserDetailsServiceAutoConfiguration:86 - 

Using generated security password: 30bcdfa2-6b67-41e5-9649-22233ef755ce

2020-Oct-10 11:50:15.543  INFO restartedMain o.s.s.w.DefaultSecurityFilterChain:43 - Creating filter chain: any request, [org.springframework.security.web.context.request.async.WebAsyncManagerIntegrationFilter@1acd88e5, org.springframework.security.web.context.SecurityContextPersistenceFilter@350421ff, org.springframework.security.web.header.HeaderWriterFilter@7335e8fc, org.springframework.security.web.csrf.CsrfFilter@3054254c, org.springframework.security.web.authentication.logout.LogoutFilter@39e7d642, org.springframework.security.web.authentication.UsernamePasswordAuthenticationFilter@635309d4, org.springframework.security.web.authentication.ui.DefaultLoginPageGeneratingFilter@1dc268ea, org.springframework.security.web.authentication.ui.DefaultLogoutPageGeneratingFilter@15d07b56, org.springframework.security.web.authentication.www.BasicAuthenticationFilter@56d21a3e, org.springframework.security.web.savedrequest.RequestCacheAwareFilter@479ef018, org.springframework.security.web.servletapi.SecurityContextHolderAwareRequestFilter@7c795f3b, org.springframework.security.web.authentication.AnonymousAuthenticationFilter@73b1d6c8, org.springframework.security.web.session.SessionManagementFilter@43bcc90d, org.springframework.security.web.access.ExceptionTranslationFilter@6aa6d9ed, org.springframework.security.web.access.intercept.FilterSecurityInterceptor@37ce1611]
2020-Oct-10 11:50:15.673  INFO restartedMain o.s.b.d.a.OptionalLiveReloadServer:58 - LiveReload server is running on port 35729
2020-Oct-10 11:50:15.679  INFO restartedMain o.s.b.a.e.w.EndpointLinksResolver:58 - Exposing 2 endpoint(s) beneath base path '/actuator'
2020-Oct-10 11:50:15.731  INFO restartedMain o.s.b.w.e.t.TomcatWebServer:220 - Tomcat started on port(s): 8080 (http) with context path ''
2020-Oct-10 11:50:15.733  INFO restartedMain o.s.d.r.c.DeferredRepositoryInitializationListener:49 - Triggering deferred initialization of Spring Data repositories…
2020-Oct-10 11:50:15.734  INFO restartedMain o.s.d.r.c.DeferredRepositoryInitializationListener:53 - Spring Data repositories initialized!
2020-Oct-10 11:50:15.748  INFO restartedMain c.f.FelkinAtdenApplication:61 - Started FelkinAtdenApplication in 4.497 seconds (JVM running for 5.383)
2020-Oct-10 11:50:16.552  INFO RMI TCP Connection(2)-192.168.1.6 o.a.c.c.C.[.[.[/]:173 - Initializing Spring DispatcherServlet 'dispatcherServlet'
2020-Oct-10 11:50:16.552  INFO RMI TCP Connection(2)-192.168.1.6 o.s.w.s.DispatcherServlet:525 - Initializing Servlet 'dispatcherServlet'
2020-Oct-10 11:50:16.564  INFO RMI TCP Connection(2)-192.168.1.6 o.s.w.s.DispatcherServlet:547 - Completed initialization in 12 ms
2020-Oct-10 11:51:00.502  INFO restartedMain c.f.FelkinAtdenApplication:55 - Starting FelkinAtdenApplication on DESKTOP-9CBD24B with PID 12244 (C:\Users\Piuta\Documents\Prosonal_project\Back_End\felkin_atden\build\classes\java\main started by Piuta in C:\Users\Piuta\Documents\Prosonal_project\Back_End\felkin_atden)
2020-Oct-10 11:51:00.506  INFO restartedMain c.f.FelkinAtdenApplication:651 - No active profile set, falling back to default profiles: default
2020-Oct-10 11:51:00.560  INFO restartedMain o.s.b.d.e.DevToolsPropertyDefaultsPostProcessor:225 - Devtools property defaults active! Set 'spring.devtools.add-properties' to 'false' to disable
2020-Oct-10 11:51:00.561  INFO restartedMain o.s.b.d.e.DevToolsPropertyDefaultsPostProcessor:225 - For additional web related logging consider setting the 'logging.level.web' property to 'DEBUG'
2020-Oct-10 11:51:01.458  INFO restartedMain o.s.d.r.c.RepositoryConfigurationDelegate:249 - Multiple Spring Data modules found, entering strict repository configuration mode!
2020-Oct-10 11:51:01.459  INFO restartedMain o.s.d.r.c.RepositoryConfigurationDelegate:127 - Bootstrapping Spring Data JDBC repositories in DEFAULT mode.
2020-Oct-10 11:51:01.480  INFO restartedMain o.s.d.r.c.RepositoryConfigurationDelegate:187 - Finished Spring Data repository scanning in 15ms. Found 0 JDBC repository interfaces.
2020-Oct-10 11:51:01.489  INFO restartedMain o.s.d.r.c.RepositoryConfigurationDelegate:249 - Multiple Spring Data modules found, entering strict repository configuration mode!
2020-Oct-10 11:51:01.490  INFO restartedMain o.s.d.r.c.RepositoryConfigurationDelegate:127 - Bootstrapping Spring Data JPA repositories in DEFERRED mode.
2020-Oct-10 11:51:01.499  INFO restartedMain o.s.d.r.c.RepositoryConfigurationDelegate:187 - Finished Spring Data repository scanning in 4ms. Found 0 JPA repository interfaces.
2020-Oct-10 11:51:02.063  INFO restartedMain o.s.b.w.e.t.TomcatWebServer:108 - Tomcat initialized with port(s): 8080 (http)
2020-Oct-10 11:51:02.078  INFO restartedMain o.a.c.c.StandardService:173 - Starting service [Tomcat]
2020-Oct-10 11:51:02.079  INFO restartedMain o.a.c.c.StandardEngine:173 - Starting Servlet engine: [Apache Tomcat/9.0.38]
2020-Oct-10 11:51:02.284  INFO restartedMain o.a.c.c.C.[.[.[/]:173 - Initializing Spring embedded WebApplicationContext
2020-Oct-10 11:51:02.285  INFO restartedMain o.s.b.w.s.c.ServletWebServerApplicationContext:285 - Root WebApplicationContext: initialization completed in 1724 ms
2020-Oct-10 11:51:02.539  INFO restartedMain o.s.s.c.ThreadPoolTaskExecutor:181 - Initializing ExecutorService 'applicationTaskExecutor'
2020-Oct-10 11:51:02.549  INFO restartedMain c.z.h.HikariDataSource:110 - HikariPool-1 - Starting...
2020-Oct-10 11:51:03.125  INFO restartedMain c.z.h.HikariDataSource:123 - HikariPool-1 - Start completed.
2020-Oct-10 11:51:03.192  INFO task-1 o.h.j.i.u.LogHelper:31 - HHH000204: Processing PersistenceUnitInfo [name: default]
2020-Oct-10 11:51:03.234  WARN restartedMain o.s.b.a.o.j.JpaBaseConfiguration$JpaWebConfiguration:220 - spring.jpa.open-in-view is enabled by default. Therefore, database queries may be performed during view rendering. Explicitly configure spring.jpa.open-in-view to disable this warning
2020-Oct-10 11:51:03.243  INFO task-1 o.h.Version:44 - HHH000412: Hibernate ORM core version 5.4.21.Final
2020-Oct-10 11:51:03.405  INFO task-1 o.h.a.c.Version:49 - HCANN000001: Hibernate Commons Annotations {5.1.0.Final}
2020-Oct-10 11:51:03.514  INFO task-1 o.h.d.Dialect:170 - HHH000400: Using dialect: org.hibernate.dialect.MySQL5Dialect
2020-Oct-10 11:51:04.222  INFO task-1 o.h.e.t.j.p.i.JtaPlatformInitiator:52 - HHH000490: Using JtaPlatform implementation: [org.hibernate.engine.transaction.jta.platform.internal.NoJtaPlatform]
2020-Oct-10 11:51:04.231  INFO task-1 o.s.o.j.LocalContainerEntityManagerFactoryBean:416 - Initialized JPA EntityManagerFactory for persistence unit 'default'
2020-Oct-10 11:51:04.414  INFO restartedMain o.s.b.d.a.OptionalLiveReloadServer:58 - LiveReload server is running on port 35729
2020-Oct-10 11:51:04.419  INFO restartedMain o.s.b.a.e.w.EndpointLinksResolver:58 - Exposing 2 endpoint(s) beneath base path '/actuator'
2020-Oct-10 11:51:04.466  INFO restartedMain o.s.b.w.e.t.TomcatWebServer:220 - Tomcat started on port(s): 8080 (http) with context path ''
2020-Oct-10 11:51:04.469  INFO restartedMain o.s.d.r.c.DeferredRepositoryInitializationListener:49 - Triggering deferred initialization of Spring Data repositories…
2020-Oct-10 11:51:04.469  INFO restartedMain o.s.d.r.c.DeferredRepositoryInitializationListener:53 - Spring Data repositories initialized!
2020-Oct-10 11:51:04.483  INFO restartedMain c.f.FelkinAtdenApplication:61 - Started FelkinAtdenApplication in 4.333 seconds (JVM running for 5.151)
2020-Oct-10 11:51:04.997  INFO RMI TCP Connection(1)-192.168.1.6 o.a.c.c.C.[.[.[/]:173 - Initializing Spring DispatcherServlet 'dispatcherServlet'
2020-Oct-10 11:51:04.998  INFO RMI TCP Connection(1)-192.168.1.6 o.s.w.s.DispatcherServlet:525 - Initializing Servlet 'dispatcherServlet'
2020-Oct-10 11:51:05.007  INFO RMI TCP Connection(1)-192.168.1.6 o.s.w.s.DispatcherServlet:547 - Completed initialization in 6 ms
2020-Oct-10 23:17:38.872  INFO restartedMain c.f.FelkinAtdenApplication:55 - Starting FelkinAtdenApplication on DESKTOP-9CBD24B with PID 2876 (C:\Users\Piuta\Documents\Prosonal_project\Back_End\felkin_atden\build\classes\java\main started by Piuta in C:\Users\Piuta\Documents\Prosonal_project\Back_End\felkin_atden)
2020-Oct-10 23:17:38.877  INFO restartedMain c.f.FelkinAtdenApplication:651 - No active profile set, falling back to default profiles: default
2020-Oct-10 23:17:38.950  INFO restartedMain o.s.b.d.e.DevToolsPropertyDefaultsPostProcessor:225 - Devtools property defaults active! Set 'spring.devtools.add-properties' to 'false' to disable
2020-Oct-10 23:17:38.951  INFO restartedMain o.s.b.d.e.DevToolsPropertyDefaultsPostProcessor:225 - For additional web related logging consider setting the 'logging.level.web' property to 'DEBUG'
2020-Oct-10 23:17:40.379  INFO restartedMain o.s.d.r.c.RepositoryConfigurationDelegate:249 - Multiple Spring Data modules found, entering strict repository configuration mode!
2020-Oct-10 23:17:40.381  INFO restartedMain o.s.d.r.c.RepositoryConfigurationDelegate:127 - Bootstrapping Spring Data JDBC repositories in DEFAULT mode.
2020-Oct-10 23:17:40.414  INFO restartedMain o.s.d.r.c.RepositoryConfigurationDelegate:187 - Finished Spring Data repository scanning in 22ms. Found 0 JDBC repository interfaces.
2020-Oct-10 23:17:40.430  INFO restartedMain o.s.d.r.c.RepositoryConfigurationDelegate:249 - Multiple Spring Data modules found, entering strict repository configuration mode!
2020-Oct-10 23:17:40.431  INFO restartedMain o.s.d.r.c.RepositoryConfigurationDelegate:127 - Bootstrapping Spring Data JPA repositories in DEFERRED mode.
2020-Oct-10 23:17:40.445  INFO restartedMain o.s.d.r.c.RepositoryConfigurationDelegate:187 - Finished Spring Data repository scanning in 5ms. Found 0 JPA repository interfaces.
2020-Oct-10 23:17:41.294  INFO restartedMain o.s.b.w.e.t.TomcatWebServer:108 - Tomcat initialized with port(s): 8080 (http)
2020-Oct-10 23:17:41.309  INFO restartedMain o.a.c.c.StandardService:173 - Starting service [Tomcat]
2020-Oct-10 23:17:41.310  INFO restartedMain o.a.c.c.StandardEngine:173 - Starting Servlet engine: [Apache Tomcat/9.0.38]
2020-Oct-10 23:17:41.475  INFO restartedMain o.a.c.c.C.[.[.[/]:173 - Initializing Spring embedded WebApplicationContext
2020-Oct-10 23:17:41.476  INFO restartedMain o.s.b.w.s.c.ServletWebServerApplicationContext:285 - Root WebApplicationContext: initialization completed in 2525 ms
2020-Oct-10 23:17:41.844  INFO restartedMain o.s.s.c.ThreadPoolTaskExecutor:181 - Initializing ExecutorService 'applicationTaskExecutor'
2020-Oct-10 23:17:41.868  INFO restartedMain c.z.h.HikariDataSource:110 - HikariPool-1 - Starting...
2020-Oct-10 23:17:42.728  INFO restartedMain c.z.h.HikariDataSource:123 - HikariPool-1 - Start completed.
2020-Oct-10 23:17:42.797  INFO task-1 o.h.j.i.u.LogHelper:31 - HHH000204: Processing PersistenceUnitInfo [name: default]
2020-Oct-10 23:17:42.858  WARN restartedMain o.s.b.a.o.j.JpaBaseConfiguration$JpaWebConfiguration:220 - spring.jpa.open-in-view is enabled by default. Therefore, database queries may be performed during view rendering. Explicitly configure spring.jpa.open-in-view to disable this warning
2020-Oct-10 23:17:42.894  INFO task-1 o.h.Version:44 - HHH000412: Hibernate ORM core version 5.4.21.Final
2020-Oct-10 23:17:43.206  INFO task-1 o.h.a.c.Version:49 - HCANN000001: Hibernate Commons Annotations {5.1.0.Final}
2020-Oct-10 23:17:43.399  INFO task-1 o.h.d.Dialect:170 - HHH000400: Using dialect: org.hibernate.dialect.MySQL5Dialect
2020-Oct-10 23:17:44.544  INFO task-1 o.h.e.t.j.p.i.JtaPlatformInitiator:52 - HHH000490: Using JtaPlatform implementation: [org.hibernate.engine.transaction.jta.platform.internal.NoJtaPlatform]
2020-Oct-10 23:17:44.556  INFO task-1 o.s.o.j.LocalContainerEntityManagerFactoryBean:416 - Initialized JPA EntityManagerFactory for persistence unit 'default'
2020-Oct-10 23:17:44.913  INFO restartedMain o.s.b.d.a.OptionalLiveReloadServer:58 - LiveReload server is running on port 35729
2020-Oct-10 23:17:44.922  INFO restartedMain o.s.b.a.e.w.EndpointLinksResolver:58 - Exposing 2 endpoint(s) beneath base path '/actuator'
2020-Oct-10 23:17:44.990  INFO restartedMain o.s.b.w.e.t.TomcatWebServer:220 - Tomcat started on port(s): 8080 (http) with context path ''
2020-Oct-10 23:17:44.992  INFO restartedMain o.s.d.r.c.DeferredRepositoryInitializationListener:49 - Triggering deferred initialization of Spring Data repositories…
2020-Oct-10 23:17:44.993  INFO restartedMain o.s.d.r.c.DeferredRepositoryInitializationListener:53 - Spring Data repositories initialized!
2020-Oct-10 23:17:45.011  INFO restartedMain c.f.FelkinAtdenApplication:61 - Started FelkinAtdenApplication in 6.673 seconds (JVM running for 7.512)
2020-Oct-10 23:17:45.560  INFO RMI TCP Connection(3)-192.168.1.6 o.a.c.c.C.[.[.[/]:173 - Initializing Spring DispatcherServlet 'dispatcherServlet'
2020-Oct-10 23:17:45.561  INFO RMI TCP Connection(3)-192.168.1.6 o.s.w.s.DispatcherServlet:525 - Initializing Servlet 'dispatcherServlet'
2020-Oct-10 23:17:45.570  INFO RMI TCP Connection(3)-192.168.1.6 o.s.w.s.DispatcherServlet:547 - Completed initialization in 9 ms
2020-Oct-10 23:24:38.945  INFO restartedMain c.f.FelkinAtdenApplication:55 - Starting FelkinAtdenApplication on DESKTOP-9CBD24B with PID 9568 (C:\Users\Piuta\Documents\Prosonal_project\Back_End\felkin_atden\build\classes\java\main started by Piuta in C:\Users\Piuta\Documents\Prosonal_project\Back_End\felkin_atden)
2020-Oct-10 23:24:38.968  INFO restartedMain c.f.FelkinAtdenApplication:651 - No active profile set, falling back to default profiles: default
2020-Oct-10 23:24:39.042  INFO restartedMain o.s.b.d.e.DevToolsPropertyDefaultsPostProcessor:225 - Devtools property defaults active! Set 'spring.devtools.add-properties' to 'false' to disable
2020-Oct-10 23:24:39.043  INFO restartedMain o.s.b.d.e.DevToolsPropertyDefaultsPostProcessor:225 - For additional web related logging consider setting the 'logging.level.web' property to 'DEBUG'
2020-Oct-10 23:24:40.000  INFO restartedMain o.s.d.r.c.RepositoryConfigurationDelegate:249 - Multiple Spring Data modules found, entering strict repository configuration mode!
2020-Oct-10 23:24:40.001  INFO restartedMain o.s.d.r.c.RepositoryConfigurationDelegate:127 - Bootstrapping Spring Data JDBC repositories in DEFAULT mode.
2020-Oct-10 23:24:40.026  INFO restartedMain o.s.d.r.c.RepositoryConfigurationDelegate:187 - Finished Spring Data repository scanning in 18ms. Found 0 JDBC repository interfaces.
2020-Oct-10 23:24:40.037  INFO restartedMain o.s.d.r.c.RepositoryConfigurationDelegate:249 - Multiple Spring Data modules found, entering strict repository configuration mode!
2020-Oct-10 23:24:40.037  INFO restartedMain o.s.d.r.c.RepositoryConfigurationDelegate:127 - Bootstrapping Spring Data JPA repositories in DEFERRED mode.
2020-Oct-10 23:24:40.048  INFO restartedMain o.s.d.r.c.RepositoryConfigurationDelegate:187 - Finished Spring Data repository scanning in 4ms. Found 0 JPA repository interfaces.
2020-Oct-10 23:24:40.634  INFO restartedMain o.s.b.w.e.t.TomcatWebServer:108 - Tomcat initialized with port(s): 8080 (http)
2020-Oct-10 23:24:40.643  INFO restartedMain o.a.c.c.StandardService:173 - Starting service [Tomcat]
2020-Oct-10 23:24:40.644  INFO restartedMain o.a.c.c.StandardEngine:173 - Starting Servlet engine: [Apache Tomcat/9.0.38]
2020-Oct-10 23:24:40.784  INFO restartedMain o.a.c.c.C.[.[.[/]:173 - Initializing Spring embedded WebApplicationContext
2020-Oct-10 23:24:40.785  INFO restartedMain o.s.b.w.s.c.ServletWebServerApplicationContext:285 - Root WebApplicationContext: initialization completed in 1741 ms
2020-Oct-10 23:24:41.057  INFO restartedMain o.s.s.c.ThreadPoolTaskExecutor:181 - Initializing ExecutorService 'applicationTaskExecutor'
2020-Oct-10 23:24:41.066  INFO restartedMain c.z.h.HikariDataSource:110 - HikariPool-1 - Starting...
2020-Oct-10 23:24:41.603  INFO restartedMain c.z.h.HikariDataSource:123 - HikariPool-1 - Start completed.
2020-Oct-10 23:24:41.645  INFO task-1 o.h.j.i.u.LogHelper:31 - HHH000204: Processing PersistenceUnitInfo [name: default]
2020-Oct-10 23:24:41.684  WARN restartedMain o.s.b.a.o.j.JpaBaseConfiguration$JpaWebConfiguration:220 - spring.jpa.open-in-view is enabled by default. Therefore, database queries may be performed during view rendering. Explicitly configure spring.jpa.open-in-view to disable this warning
2020-Oct-10 23:24:41.693  INFO task-1 o.h.Version:44 - HHH000412: Hibernate ORM core version 5.4.21.Final
2020-Oct-10 23:24:41.872  INFO task-1 o.h.a.c.Version:49 - HCANN000001: Hibernate Commons Annotations {5.1.0.Final}
2020-Oct-10 23:24:41.986  INFO task-1 o.h.d.Dialect:170 - HHH000400: Using dialect: org.hibernate.dialect.MySQL5Dialect
2020-Oct-10 23:24:42.763  INFO task-1 o.h.e.t.j.p.i.JtaPlatformInitiator:52 - HHH000490: Using JtaPlatform implementation: [org.hibernate.engine.transaction.jta.platform.internal.NoJtaPlatform]
2020-Oct-10 23:24:42.773  INFO task-1 o.s.o.j.LocalContainerEntityManagerFactoryBean:416 - Initialized JPA EntityManagerFactory for persistence unit 'default'
2020-Oct-10 23:24:42.892  INFO restartedMain o.s.b.d.a.OptionalLiveReloadServer:58 - LiveReload server is running on port 35729
2020-Oct-10 23:24:42.897  INFO restartedMain o.s.b.a.e.w.EndpointLinksResolver:58 - Exposing 2 endpoint(s) beneath base path '/actuator'
2020-Oct-10 23:24:42.950  INFO restartedMain o.s.b.w.e.t.TomcatWebServer:220 - Tomcat started on port(s): 8080 (http) with context path ''
2020-Oct-10 23:24:42.953  INFO restartedMain o.s.d.r.c.DeferredRepositoryInitializationListener:49 - Triggering deferred initialization of Spring Data repositories…
2020-Oct-10 23:24:42.953  INFO restartedMain o.s.d.r.c.DeferredRepositoryInitializationListener:53 - Spring Data repositories initialized!
2020-Oct-10 23:24:42.969  INFO restartedMain c.f.FelkinAtdenApplication:61 - Started FelkinAtdenApplication in 4.542 seconds (JVM running for 5.399)
2020-Oct-10 23:24:43.635  INFO RMI TCP Connection(3)-192.168.1.6 o.a.c.c.C.[.[.[/]:173 - Initializing Spring DispatcherServlet 'dispatcherServlet'
2020-Oct-10 23:24:43.636  INFO RMI TCP Connection(3)-192.168.1.6 o.s.w.s.DispatcherServlet:525 - Initializing Servlet 'dispatcherServlet'
2020-Oct-10 23:24:43.646  INFO RMI TCP Connection(3)-192.168.1.6 o.s.w.s.DispatcherServlet:547 - Completed initialization in 7 ms
2020-Oct-10 23:46:54.156  INFO restartedMain c.f.FelkinAtdenApplication:55 - Starting FelkinAtdenApplication on DESKTOP-9CBD24B with PID 10912 (C:\Users\Piuta\Documents\Prosonal_project\Back_End\felkin_atden\build\classes\java\main started by Piuta in C:\Users\Piuta\Documents\Prosonal_project\Back_End\felkin_atden)
2020-Oct-10 23:46:54.163  INFO restartedMain c.f.FelkinAtdenApplication:651 - No active profile set, falling back to default profiles: default
2020-Oct-10 23:46:54.248  INFO restartedMain o.s.b.d.e.DevToolsPropertyDefaultsPostProcessor:225 - Devtools property defaults active! Set 'spring.devtools.add-properties' to 'false' to disable
2020-Oct-10 23:46:54.248  INFO restartedMain o.s.b.d.e.DevToolsPropertyDefaultsPostProcessor:225 - For additional web related logging consider setting the 'logging.level.web' property to 'DEBUG'
2020-Oct-10 23:46:55.884  INFO restartedMain o.s.d.r.c.RepositoryConfigurationDelegate:249 - Multiple Spring Data modules found, entering strict repository configuration mode!
2020-Oct-10 23:46:55.885  INFO restartedMain o.s.d.r.c.RepositoryConfigurationDelegate:127 - Bootstrapping Spring Data JDBC repositories in DEFAULT mode.
2020-Oct-10 23:46:55.915  INFO restartedMain o.s.d.r.c.RepositoryConfigurationDelegate:187 - Finished Spring Data repository scanning in 21ms. Found 0 JDBC repository interfaces.
2020-Oct-10 23:46:55.929  INFO restartedMain o.s.d.r.c.RepositoryConfigurationDelegate:249 - Multiple Spring Data modules found, entering strict repository configuration mode!
2020-Oct-10 23:46:55.930  INFO restartedMain o.s.d.r.c.RepositoryConfigurationDelegate:127 - Bootstrapping Spring Data JPA repositories in DEFERRED mode.
2020-Oct-10 23:46:55.943  INFO restartedMain o.s.d.r.c.RepositoryConfigurationDelegate:187 - Finished Spring Data repository scanning in 5ms. Found 0 JPA repository interfaces.
2020-Oct-10 23:46:56.916  INFO restartedMain o.s.b.w.e.t.TomcatWebServer:108 - Tomcat initialized with port(s): 8080 (http)
2020-Oct-10 23:46:56.930  INFO restartedMain o.a.c.c.StandardService:173 - Starting service [Tomcat]
2020-Oct-10 23:46:56.931  INFO restartedMain o.a.c.c.StandardEngine:173 - Starting Servlet engine: [Apache Tomcat/9.0.38]
2020-Oct-10 23:46:57.090  INFO restartedMain o.a.c.c.C.[.[.[/]:173 - Initializing Spring embedded WebApplicationContext
2020-Oct-10 23:46:57.091  INFO restartedMain o.s.b.w.s.c.ServletWebServerApplicationContext:285 - Root WebApplicationContext: initialization completed in 2843 ms
2020-Oct-10 23:46:57.413  INFO restartedMain o.s.s.c.ThreadPoolTaskExecutor:181 - Initializing ExecutorService 'applicationTaskExecutor'
2020-Oct-10 23:46:57.424  INFO restartedMain c.z.h.HikariDataSource:110 - HikariPool-1 - Starting...
2020-Oct-10 23:46:58.253  INFO restartedMain c.z.h.HikariDataSource:123 - HikariPool-1 - Start completed.
2020-Oct-10 23:46:58.311  INFO task-1 o.h.j.i.u.LogHelper:31 - HHH000204: Processing PersistenceUnitInfo [name: default]
2020-Oct-10 23:46:58.356  WARN restartedMain o.s.b.a.o.j.JpaBaseConfiguration$JpaWebConfiguration:220 - spring.jpa.open-in-view is enabled by default. Therefore, database queries may be performed during view rendering. Explicitly configure spring.jpa.open-in-view to disable this warning
2020-Oct-10 23:46:58.400  INFO task-1 o.h.Version:44 - HHH000412: Hibernate ORM core version 5.4.21.Final
2020-Oct-10 23:46:58.707  INFO task-1 o.h.a.c.Version:49 - HCANN000001: Hibernate Commons Annotations {5.1.0.Final}
2020-Oct-10 23:46:58.857  INFO task-1 o.h.d.Dialect:170 - HHH000400: Using dialect: org.hibernate.dialect.MySQL5Dialect
2020-Oct-10 23:46:59.783  INFO task-1 o.h.e.t.j.p.i.JtaPlatformInitiator:52 - HHH000490: Using JtaPlatform implementation: [org.hibernate.engine.transaction.jta.platform.internal.NoJtaPlatform]
2020-Oct-10 23:46:59.794  INFO task-1 o.s.o.j.LocalContainerEntityManagerFactoryBean:416 - Initialized JPA EntityManagerFactory for persistence unit 'default'
2020-Oct-10 23:46:59.989  INFO restartedMain o.s.b.d.a.OptionalLiveReloadServer:58 - LiveReload server is running on port 35729
2020-Oct-10 23:46:59.999  INFO restartedMain o.s.b.a.e.w.EndpointLinksResolver:58 - Exposing 2 endpoint(s) beneath base path '/actuator'
2020-Oct-10 23:47:00.068  INFO restartedMain o.s.b.w.e.t.TomcatWebServer:220 - Tomcat started on port(s): 8080 (http) with context path ''
2020-Oct-10 23:47:00.071  INFO restartedMain o.s.d.r.c.DeferredRepositoryInitializationListener:49 - Triggering deferred initialization of Spring Data repositories…
2020-Oct-10 23:47:00.071  INFO restartedMain o.s.d.r.c.DeferredRepositoryInitializationListener:53 - Spring Data repositories initialized!
2020-Oct-10 23:47:00.086  INFO restartedMain c.f.FelkinAtdenApplication:61 - Started FelkinAtdenApplication in 6.549 seconds (JVM running for 7.865)
2020-Oct-10 23:47:00.496  INFO RMI TCP Connection(1)-192.168.1.6 o.a.c.c.C.[.[.[/]:173 - Initializing Spring DispatcherServlet 'dispatcherServlet'
2020-Oct-10 23:47:00.496  INFO RMI TCP Connection(1)-192.168.1.6 o.s.w.s.DispatcherServlet:525 - Initializing Servlet 'dispatcherServlet'
2020-Oct-10 23:47:00.502  INFO RMI TCP Connection(1)-192.168.1.6 o.s.w.s.DispatcherServlet:547 - Completed initialization in 5 ms
2020-Oct-10 23:52:08.505  INFO restartedMain c.f.FelkinAtdenApplication:55 - Starting FelkinAtdenApplication on DESKTOP-9CBD24B with PID 5884 (C:\Users\Piuta\Documents\Prosonal_project\Back_End\felkin_atden\build\classes\java\main started by Piuta in C:\Users\Piuta\Documents\Prosonal_project\Back_End\felkin_atden)
2020-Oct-10 23:52:08.589  INFO restartedMain c.f.FelkinAtdenApplication:651 - No active profile set, falling back to default profiles: default
2020-Oct-10 23:52:08.641  INFO restartedMain o.s.b.d.e.DevToolsPropertyDefaultsPostProcessor:225 - Devtools property defaults active! Set 'spring.devtools.add-properties' to 'false' to disable
2020-Oct-10 23:52:08.641  INFO restartedMain o.s.b.d.e.DevToolsPropertyDefaultsPostProcessor:225 - For additional web related logging consider setting the 'logging.level.web' property to 'DEBUG'
2020-Oct-10 23:52:10.282  INFO restartedMain o.s.d.r.c.RepositoryConfigurationDelegate:249 - Multiple Spring Data modules found, entering strict repository configuration mode!
2020-Oct-10 23:52:10.284  INFO restartedMain o.s.d.r.c.RepositoryConfigurationDelegate:127 - Bootstrapping Spring Data JDBC repositories in DEFAULT mode.
2020-Oct-10 23:52:10.314  INFO restartedMain o.s.d.r.c.RepositoryConfigurationDelegate:187 - Finished Spring Data repository scanning in 22ms. Found 0 JDBC repository interfaces.
2020-Oct-10 23:52:10.329  INFO restartedMain o.s.d.r.c.RepositoryConfigurationDelegate:249 - Multiple Spring Data modules found, entering strict repository configuration mode!
2020-Oct-10 23:52:10.330  INFO restartedMain o.s.d.r.c.RepositoryConfigurationDelegate:127 - Bootstrapping Spring Data JPA repositories in DEFERRED mode.
2020-Oct-10 23:52:10.354  INFO restartedMain o.s.d.r.c.RepositoryConfigurationDelegate:187 - Finished Spring Data repository scanning in 16ms. Found 0 JPA repository interfaces.
2020-Oct-10 23:52:11.320  INFO restartedMain o.s.b.w.e.t.TomcatWebServer:108 - Tomcat initialized with port(s): 8080 (http)
2020-Oct-10 23:52:11.332  INFO restartedMain o.a.c.c.StandardService:173 - Starting service [Tomcat]
2020-Oct-10 23:52:11.333  INFO restartedMain o.a.c.c.StandardEngine:173 - Starting Servlet engine: [Apache Tomcat/9.0.38]
2020-Oct-10 23:52:11.541  INFO restartedMain o.a.c.c.C.[.[.[/]:173 - Initializing Spring embedded WebApplicationContext
2020-Oct-10 23:52:11.542  INFO restartedMain o.s.b.w.s.c.ServletWebServerApplicationContext:285 - Root WebApplicationContext: initialization completed in 2901 ms
2020-Oct-10 23:52:11.959  INFO restartedMain o.s.s.c.ThreadPoolTaskExecutor:181 - Initializing ExecutorService 'applicationTaskExecutor'
2020-Oct-10 23:52:11.971  INFO restartedMain c.z.h.HikariDataSource:110 - HikariPool-1 - Starting...
2020-Oct-10 23:52:12.725  INFO restartedMain c.z.h.HikariDataSource:123 - HikariPool-1 - Start completed.
2020-Oct-10 23:52:12.782  INFO task-1 o.h.j.i.u.LogHelper:31 - HHH000204: Processing PersistenceUnitInfo [name: default]
2020-Oct-10 23:52:12.849  WARN restartedMain o.s.b.a.o.j.JpaBaseConfiguration$JpaWebConfiguration:220 - spring.jpa.open-in-view is enabled by default. Therefore, database queries may be performed during view rendering. Explicitly configure spring.jpa.open-in-view to disable this warning
2020-Oct-10 23:52:12.879  INFO task-1 o.h.Version:44 - HHH000412: Hibernate ORM core version 5.4.21.Final
2020-Oct-10 23:52:13.170  INFO task-1 o.h.a.c.Version:49 - HCANN000001: Hibernate Commons Annotations {5.1.0.Final}
2020-Oct-10 23:52:13.395  INFO task-1 o.h.d.Dialect:170 - HHH000400: Using dialect: org.hibernate.dialect.MySQL5Dialect
2020-Oct-10 23:52:14.657  INFO task-1 o.h.e.t.j.p.i.JtaPlatformInitiator:52 - HHH000490: Using JtaPlatform implementation: [org.hibernate.engine.transaction.jta.platform.internal.NoJtaPlatform]
2020-Oct-10 23:52:14.670  INFO task-1 o.s.o.j.LocalContainerEntityManagerFactoryBean:416 - Initialized JPA EntityManagerFactory for persistence unit 'default'
2020-Oct-10 23:52:14.856  INFO restartedMain o.s.b.d.a.OptionalLiveReloadServer:58 - LiveReload server is running on port 35729
2020-Oct-10 23:52:14.863  INFO restartedMain o.s.b.a.e.w.EndpointLinksResolver:58 - Exposing 2 endpoint(s) beneath base path '/actuator'
2020-Oct-10 23:52:14.928  INFO restartedMain o.s.b.w.e.t.TomcatWebServer:220 - Tomcat started on port(s): 8080 (http) with context path ''
2020-Oct-10 23:52:14.931  INFO restartedMain o.s.d.r.c.DeferredRepositoryInitializationListener:49 - Triggering deferred initialization of Spring Data repositories…
2020-Oct-10 23:52:14.932  INFO restartedMain o.s.d.r.c.DeferredRepositoryInitializationListener:53 - Spring Data repositories initialized!
2020-Oct-10 23:52:14.947  INFO restartedMain c.f.FelkinAtdenApplication:61 - Started FelkinAtdenApplication in 6.81 seconds (JVM running for 7.643)
2020-Oct-10 23:52:15.625  INFO RMI TCP Connection(3)-192.168.1.6 o.a.c.c.C.[.[.[/]:173 - Initializing Spring DispatcherServlet 'dispatcherServlet'
2020-Oct-10 23:52:15.626  INFO RMI TCP Connection(3)-192.168.1.6 o.s.w.s.DispatcherServlet:525 - Initializing Servlet 'dispatcherServlet'
2020-Oct-10 23:52:15.635  INFO RMI TCP Connection(3)-192.168.1.6 o.s.w.s.DispatcherServlet:547 - Completed initialization in 9 ms
